# JRE version: OpenJDK Runtime Environment (21.0.2+13) (build 21.0.2+13-58)
# Java VM: OpenJDK 64-Bit Server VM (21.0.2+13-58, mixed mode, sharing, tiered, compressed oops, compressed class ptrs, g1 gc, windows-amd64)
GC Precious Log:
 CardTable entry size: 512
 Card Set container configuration: InlinePtr #cards 5 size 8 Array Of Cards #cards 12 size 40 Howl #buckets 4 coarsen threshold 1843 Howl Bitmap #cards 512 size 80 coarsen threshold 460 Card regions per heap region 1 cards per card region 2048
 CPUs: 8 total, 8 available
 Memory: 6020M
 Large Page Support: Disabled
 NUMA Support: Disabled
 Compressed Oops: Enabled (32-bit)
 Heap Region Size: 1M
 Heap Min Capacity: 8M
 Heap Initial Capacity: 96M
 Heap Max Capacity: 1506M
 Pre-touch: Disabled
 Parallel Workers: 8
 Concurrent Workers: 2
 Concurrent Refinement Workers: 8
 Periodic GC: Disabled
Heap:
 garbage-first heap   total 141312K, used 74079K [0x00000000a1e00000, 0x0000000100000000)
  region size 1024K, 28 young (28672K), 1 survivors (1024K)
 Metaspace       used 87690K, committed 88576K, reserved 1179648K
  class space    used 11525K, committed 11968K, reserved 1048576K
GC Heap History (20 events):
Event: 68.180 GC heap before
{Heap before GC invocations=62 (full 0):
 garbage-first heap   total 141312K, used 130699K [0x00000000a1e00000, 0x0000000100000000)
  region size 1024K, 82 young (83968K), 1 survivors (1024K)
 Metaspace       used 87646K, committed 88576K, reserved 1179648K
  class space    used 11522K, committed 11968K, reserved 1048576K
}
Event: 68.187 GC heap after
{Heap after GC invocations=63 (full 0):
 garbage-first heap   total 141312K, used 47677K [0x00000000a1e00000, 0x0000000100000000)
  region size 1024K, 1 young (1024K), 1 survivors (1024K)
 Metaspace       used 87646K, committed 88576K, reserved 1179648K
  class space    used 11522K, committed 11968K, reserved 1048576K
}
Event: 69.772 GC heap before
{Heap before GC invocations=63 (full 0):
 garbage-first heap   total 141312K, used 130621K [0x00000000a1e00000, 0x0000000100000000)
  region size 1024K, 82 young (83968K), 1 survivors (1024K)
 Metaspace       used 87646K, committed 88576K, reserved 1179648K
  class space    used 11522K, committed 11968K, reserved 1048576K
}
Event: 69.790 GC heap after
{Heap after GC invocations=64 (full 0):
 garbage-first heap   total 141312K, used 47580K [0x00000000a1e00000, 0x0000000100000000)
  region size 1024K, 1 young (1024K), 1 survivors (1024K)
 Metaspace       used 87646K, committed 88576K, reserved 1179648K
  class space    used 11522K, committed 11968K, reserved 1048576K
}
Event: 71.659 GC heap before
{Heap before GC invocations=64 (full 0):
 garbage-first heap   total 141312K, used 130524K [0x00000000a1e00000, 0x0000000100000000)
  region size 1024K, 82 young (83968K), 1 survivors (1024K)
 Metaspace       used 87654K, committed 88576K, reserved 1179648K
  class space    used 11522K, committed 11968K, reserved 1048576K
}
Event: 71.671 GC heap after
{Heap after GC invocations=65 (full 0):
 garbage-first heap   total 141312K, used 47627K [0x00000000a1e00000, 0x0000000100000000)
  region size 1024K, 1 young (1024K), 1 survivors (1024K)
 Metaspace       used 87654K, committed 88576K, reserved 1179648K
  class space    used 11522K, committed 11968K, reserved 1048576K
}
Event: 73.683 GC heap before
{Heap before GC invocations=66 (full 0):
 garbage-first heap   total 141312K, used 130571K [0x00000000a1e00000, 0x0000000100000000)
  region size 1024K, 82 young (83968K), 1 survivors (1024K)
 Metaspace       used 87654K, committed 88576K, reserved 1179648K
  class space    used 11522K, committed 11968K, reserved 1048576K
}
Event: 73.698 GC heap after
{Heap after GC invocations=67 (full 0):
 garbage-first heap   total 141312K, used 47593K [0x00000000a1e00000, 0x0000000100000000)
  region size 1024K, 1 young (1024K), 1 survivors (1024K)
 Metaspace       used 87654K, committed 88576K, reserved 1179648K
  class space    used 11522K, committed 11968K, reserved 1048576K
}
Event: 75.319 GC heap before
{Heap before GC invocations=67 (full 0):
 garbage-first heap   total 141312K, used 130537K [0x00000000a1e00000, 0x0000000100000000)
  region size 1024K, 82 young (83968K), 1 survivors (1024K)
 Metaspace       used 87654K, committed 88576K, reserved 1179648K
  class space    used 11522K, committed 11968K, reserved 1048576K
}
Event: 75.336 GC heap after
{Heap after GC invocations=68 (full 0):
 garbage-first heap   total 141312K, used 47575K [0x00000000a1e00000, 0x0000000100000000)
  region size 1024K, 1 young (1024K), 1 survivors (1024K)
 Metaspace       used 87654K, committed 88576K, reserved 1179648K
  class space    used 11522K, committed 11968K, reserved 1048576K
}
Event: 78.219 GC heap before
{Heap before GC invocations=68 (full 0):
 garbage-first heap   total 141312K, used 130519K [0x00000000a1e00000, 0x0000000100000000)
  region size 1024K, 82 young (83968K), 1 survivors (1024K)
 Metaspace       used 87655K, committed 88576K, reserved 1179648K
  class space    used 11522K, committed 11968K, reserved 1048576K
}
Event: 78.230 GC heap after
{Heap after GC invocations=69 (full 0):
 garbage-first heap   total 141312K, used 47447K [0x00000000a1e00000, 0x0000000100000000)
  region size 1024K, 1 young (1024K), 1 survivors (1024K)
 Metaspace       used 87655K, committed 88576K, reserved 1179648K
  class space    used 11522K, committed 11968K, reserved 1048576K
}
Event: 81.883 GC heap before
{Heap before GC invocations=70 (full 0):
 garbage-first heap   total 141312K, used 130391K [0x00000000a1e00000, 0x0000000100000000)
  region size 1024K, 82 young (83968K), 1 survivors (1024K)
 Metaspace       used 87655K, committed 88576K, reserved 1179648K
  class space    used 11522K, committed 11968K, reserved 1048576K
}
Event: 81.894 GC heap after
{Heap after GC invocations=71 (full 0):
 garbage-first heap   total 141312K, used 47505K [0x00000000a1e00000, 0x0000000100000000)
  region size 1024K, 1 young (1024K), 1 survivors (1024K)
 Metaspace       used 87655K, committed 88576K, reserved 1179648K
  class space    used 11522K, committed 11968K, reserved 1048576K
}
Event: 84.249 GC heap before
{Heap before GC invocations=71 (full 0):
 garbage-first heap   total 141312K, used 130449K [0x00000000a1e00000, 0x0000000100000000)
  region size 1024K, 82 young (83968K), 1 survivors (1024K)
 Metaspace       used 87660K, committed 88576K, reserved 1179648K
  class space    used 11523K, committed 11968K, reserved 1048576K
}
Event: 84.261 GC heap after
{Heap after GC invocations=72 (full 0):
 garbage-first heap   total 141312K, used 47525K [0x00000000a1e00000, 0x0000000100000000)
  region size 1024K, 1 young (1024K), 1 survivors (1024K)
 Metaspace       used 87660K, committed 88576K, reserved 1179648K
  class space    used 11523K, committed 11968K, reserved 1048576K
}
Event: 86.929 GC heap before
{Heap before GC invocations=72 (full 0):
 garbage-first heap   total 141312K, used 130469K [0x00000000a1e00000, 0x0000000100000000)
  region size 1024K, 82 young (83968K), 1 survivors (1024K)
 Metaspace       used 87661K, committed 88576K, reserved 1179648K
  class space    used 11523K, committed 11968K, reserved 1048576K
}
Event: 86.940 GC heap after
{Heap after GC invocations=73 (full 0):
 garbage-first heap   total 141312K, used 47396K [0x00000000a1e00000, 0x0000000100000000)
  region size 1024K, 1 young (1024K), 1 survivors (1024K)
 Metaspace       used 87661K, committed 88576K, reserved 1179648K
  class space    used 11523K, committed 11968K, reserved 1048576K
}
Event: 90.552 GC heap before
{Heap before GC invocations=74 (full 0):
 garbage-first heap   total 141312K, used 130340K [0x00000000a1e00000, 0x0000000100000000)
  region size 1024K, 82 young (83968K), 1 survivors (1024K)
 Metaspace       used 87668K, committed 88576K, reserved 1179648K
  class space    used 11524K, committed 11968K, reserved 1048576K
}
Event: 90.556 GC heap after
{Heap after GC invocations=75 (full 0):
 garbage-first heap   total 141312K, used 47455K [0x00000000a1e00000, 0x0000000100000000)
  region size 1024K, 1 young (1024K), 1 survivors (1024K)
 Metaspace       used 87668K, committed 88576K, reserved 1179648K
  class space    used 11524K, committed 11968K, reserved 1048576K
}

