# JRE version: OpenJDK Runtime Environment (21.0.2+13) (build 21.0.2+13-58)
# Java VM: OpenJDK 64-Bit Server VM (21.0.2+13-58, mixed mode, sharing, tiered, compressed oops, compressed class ptrs, g1 gc, windows-amd64)
GC Precious Log:
 CardTable entry size: 512
 Card Set container configuration: InlinePtr #cards 5 size 8 Array Of Cards #cards 12 size 40 Howl #buckets 4 coarsen threshold 1843 Howl Bitmap #cards 512 size 80 coarsen threshold 460 Card regions per heap region 1 cards per card region 2048
 CPUs: 8 total, 8 available
 Memory: 6020M
 Large Page Support: Disabled
 NUMA Support: Disabled
 Compressed Oops: Enabled (32-bit)
 Heap Region Size: 1M
 Heap Min Capacity: 8M
 Heap Initial Capacity: 96M
 Heap Max Capacity: 1506M
 Pre-touch: Disabled
 Parallel Workers: 8
 Concurrent Workers: 2
 Concurrent Refinement Workers: 8
 Periodic GC: Disabled
Heap:
 garbage-first heap   total 120832K, used 46737K [0x00000000a1e00000, 0x0000000100000000)
  region size 1024K, 5 young (5120K), 1 survivors (1024K)
 Metaspace       used 97449K, committed 98240K, reserved 1179648K
  class space    used 12679K, committed 13056K, reserved 1048576K
GC Heap History (20 events):
Event: 11919.047 GC heap before
{Heap before GC invocations=163 (full 0):
 garbage-first heap   total 120832K, used 111266K [0x00000000a1e00000, 0x0000000100000000)
  region size 1024K, 67 young (68608K), 1 survivors (1024K)
 Metaspace       used 97410K, committed 98176K, reserved 1179648K
  class space    used 12678K, committed 13056K, reserved 1048576K
}
Event: 11919.049 GC heap after
{Heap after GC invocations=164 (full 0):
 garbage-first heap   total 120832K, used 43840K [0x00000000a1e00000, 0x0000000100000000)
  region size 1024K, 1 young (1024K), 1 survivors (1024K)
 Metaspace       used 97410K, committed 98176K, reserved 1179648K
  class space    used 12678K, committed 13056K, reserved 1048576K
}
Event: 11924.951 GC heap before
{Heap before GC invocations=164 (full 0):
 garbage-first heap   total 120832K, used 111424K [0x00000000a1e00000, 0x0000000100000000)
  region size 1024K, 67 young (68608K), 1 survivors (1024K)
 Metaspace       used 97410K, committed 98176K, reserved 1179648K
  class space    used 12678K, committed 13056K, reserved 1048576K
}
Event: 11924.959 GC heap after
{Heap after GC invocations=165 (full 0):
 garbage-first heap   total 120832K, used 43644K [0x00000000a1e00000, 0x0000000100000000)
  region size 1024K, 1 young (1024K), 1 survivors (1024K)
 Metaspace       used 97410K, committed 98176K, reserved 1179648K
  class space    used 12678K, committed 13056K, reserved 1048576K
}
Event: 11927.144 GC heap before
{Heap before GC invocations=165 (full 0):
 garbage-first heap   total 120832K, used 111228K [0x00000000a1e00000, 0x0000000100000000)
  region size 1024K, 67 young (68608K), 1 survivors (1024K)
 Metaspace       used 97410K, committed 98176K, reserved 1179648K
  class space    used 12678K, committed 13056K, reserved 1048576K
}
Event: 11927.152 GC heap after
{Heap after GC invocations=166 (full 0):
 garbage-first heap   total 120832K, used 43684K [0x00000000a1e00000, 0x0000000100000000)
  region size 1024K, 1 young (1024K), 1 survivors (1024K)
 Metaspace       used 97410K, committed 98176K, reserved 1179648K
  class space    used 12678K, committed 13056K, reserved 1048576K
}
Event: 11929.499 GC heap before
{Heap before GC invocations=167 (full 0):
 garbage-first heap   total 120832K, used 111268K [0x00000000a1e00000, 0x0000000100000000)
  region size 1024K, 67 young (68608K), 1 survivors (1024K)
 Metaspace       used 97410K, committed 98176K, reserved 1179648K
  class space    used 12678K, committed 13056K, reserved 1048576K
}
Event: 11929.501 GC heap after
{Heap after GC invocations=168 (full 0):
 garbage-first heap   total 120832K, used 43680K [0x00000000a1e00000, 0x0000000100000000)
  region size 1024K, 1 young (1024K), 1 survivors (1024K)
 Metaspace       used 97410K, committed 98176K, reserved 1179648K
  class space    used 12678K, committed 13056K, reserved 1048576K
}
Event: 11931.696 GC heap before
{Heap before GC invocations=168 (full 0):
 garbage-first heap   total 120832K, used 111264K [0x00000000a1e00000, 0x0000000100000000)
  region size 1024K, 67 young (68608K), 1 survivors (1024K)
 Metaspace       used 97419K, committed 98176K, reserved 1179648K
  class space    used 12679K, committed 13056K, reserved 1048576K
}
Event: 11931.703 GC heap after
{Heap after GC invocations=169 (full 0):
 garbage-first heap   total 120832K, used 43600K [0x00000000a1e00000, 0x0000000100000000)
  region size 1024K, 1 young (1024K), 1 survivors (1024K)
 Metaspace       used 97419K, committed 98176K, reserved 1179648K
  class space    used 12679K, committed 13056K, reserved 1048576K
}
Event: 11933.860 GC heap before
{Heap before GC invocations=169 (full 0):
 garbage-first heap   total 120832K, used 111184K [0x00000000a1e00000, 0x0000000100000000)
  region size 1024K, 67 young (68608K), 1 survivors (1024K)
 Metaspace       used 97429K, committed 98176K, reserved 1179648K
  class space    used 12679K, committed 13056K, reserved 1048576K
}
Event: 11933.863 GC heap after
{Heap after GC invocations=170 (full 0):
 garbage-first heap   total 120832K, used 43617K [0x00000000a1e00000, 0x0000000100000000)
  region size 1024K, 1 young (1024K), 1 survivors (1024K)
 Metaspace       used 97429K, committed 98176K, reserved 1179648K
  class space    used 12679K, committed 13056K, reserved 1048576K
}
Event: 11936.593 GC heap before
{Heap before GC invocations=171 (full 0):
 garbage-first heap   total 120832K, used 111201K [0x00000000a1e00000, 0x0000000100000000)
  region size 1024K, 67 young (68608K), 1 survivors (1024K)
 Metaspace       used 97431K, committed 98176K, reserved 1179648K
  class space    used 12679K, committed 13056K, reserved 1048576K
}
Event: 11936.596 GC heap after
{Heap after GC invocations=172 (full 0):
 garbage-first heap   total 120832K, used 43623K [0x00000000a1e00000, 0x0000000100000000)
  region size 1024K, 1 young (1024K), 1 survivors (1024K)
 Metaspace       used 97431K, committed 98176K, reserved 1179648K
  class space    used 12679K, committed 13056K, reserved 1048576K
}
Event: 11938.654 GC heap before
{Heap before GC invocations=172 (full 0):
 garbage-first heap   total 120832K, used 111207K [0x00000000a1e00000, 0x0000000100000000)
  region size 1024K, 67 young (68608K), 1 survivors (1024K)
 Metaspace       used 97431K, committed 98176K, reserved 1179648K
  class space    used 12679K, committed 13056K, reserved 1048576K
}
Event: 11938.658 GC heap after
{Heap after GC invocations=173 (full 0):
 garbage-first heap   total 120832K, used 43542K [0x00000000a1e00000, 0x0000000100000000)
  region size 1024K, 1 young (1024K), 1 survivors (1024K)
 Metaspace       used 97431K, committed 98176K, reserved 1179648K
  class space    used 12679K, committed 13056K, reserved 1048576K
}
Event: 11940.716 GC heap before
{Heap before GC invocations=173 (full 0):
 garbage-first heap   total 120832K, used 111126K [0x00000000a1e00000, 0x0000000100000000)
  region size 1024K, 67 young (68608K), 1 survivors (1024K)
 Metaspace       used 97432K, committed 98176K, reserved 1179648K
  class space    used 12679K, committed 13056K, reserved 1048576K
}
Event: 11940.719 GC heap after
{Heap after GC invocations=174 (full 0):
 garbage-first heap   total 120832K, used 43512K [0x00000000a1e00000, 0x0000000100000000)
  region size 1024K, 1 young (1024K), 1 survivors (1024K)
 Metaspace       used 97432K, committed 98176K, reserved 1179648K
  class space    used 12679K, committed 13056K, reserved 1048576K
}
Event: 11942.374 GC heap before
{Heap before GC invocations=175 (full 0):
 garbage-first heap   total 120832K, used 111096K [0x00000000a1e00000, 0x0000000100000000)
  region size 1024K, 67 young (68608K), 1 survivors (1024K)
 Metaspace       used 97433K, committed 98176K, reserved 1179648K
  class space    used 12679K, committed 13056K, reserved 1048576K
}
Event: 11942.377 GC heap after
{Heap after GC invocations=176 (full 0):
 garbage-first heap   total 120832K, used 43665K [0x00000000a1e00000, 0x0000000100000000)
  region size 1024K, 1 young (1024K), 1 survivors (1024K)
 Metaspace       used 97433K, committed 98176K, reserved 1179648K
  class space    used 12679K, committed 13056K, reserved 1048576K
}

